Array
(
)
Array
(
    [login] => jack@gmail.com
    [password] => jack1234
)
Array
(
    [login] => jack@gmail.com
    [password] => jack1234
)
Array
(
    [login] => jack@gmail.com
    [password] => jack1234
)
Array
(
    [login] => jack@gmail.com
    [password] => jack1234
)
Array
(
    [login] => jack@gmail.com
    [password] => jack1234
)
Array
(
)
Array
(
    [login] => jack@gmail.com
    [password] => jack1234
)
Array
(
)
Array
(
    [login] => jack@gmail.com
    [password] => jack1234
)
Array
(
)
Array
(
    [login] => jack@gmail.com
    [password] => jack1234
)
Array
(
)
Array
(
    [login] => jack@gmail.com
    [password] => jack1234
)
Array
(
    [login] => jack@gmail.com
    [password] => jack1234
)
